<?xml version="1.0" encoding="UTF-8"?>
<!-- Generated by org.testng.reporters.JUnitXMLReporter -->
<testsuite ignored="0" hostname="MBPe15C02S82S9FVH6.local" failures="0" tests="11" name="Surefire test" time="0.291" errors="0" timestamp="07 Jun. 2019 19:31:20 GMT">
  <testcase classname="Ma.MovelistTest" name="@BeforeMethod initialize" time="0.214">
    <failure type="java.lang.NoClassDefFoundError" message="org/openqa/selenium/remote/AbstractDriverOptions">
      <![CDATA[java.lang.NoClassDefFoundError: org/openqa/selenium/remote/AbstractDriverOptions
at java.base/java.lang.ClassLoader.defineClass1(Native Method)
at java.base/java.lang.ClassLoader.defineClass(ClassLoader.java:1016)
at java.base/java.security.SecureClassLoader.defineClass(SecureClassLoader.java:174)
at java.base/jdk.internal.loader.BuiltinClassLoader.defineClass(BuiltinClassLoader.java:802)
at java.base/jdk.internal.loader.BuiltinClassLoader.findClassOnClassPathOrNull(BuiltinClassLoader.java:700)
at java.base/jdk.internal.loader.BuiltinClassLoader.loadClassOrNull(BuiltinClassLoader.java:623)
at java.base/jdk.internal.loader.BuiltinClassLoader.loadClass(BuiltinClassLoader.java:581)
at java.base/jdk.internal.loader.ClassLoaders$AppClassLoader.loadClass(ClassLoaders.java:178)
at java.base/java.lang.ClassLoader.loadClass(ClassLoader.java:521)
at org.openqa.selenium.chrome.ChromeDriver.<init>(ChromeDriver.java:131)
at utilities.Base.initializeDriver(Base.java:44)
at Ma.MovelistTest.initialize(MovelistTest.java:30)
Caused by: java.lang.ClassNotFoundException: org.openqa.selenium.remote.AbstractDriverOptions
at java.base/jdk.internal.loader.BuiltinClassLoader.loadClass(BuiltinClassLoader.java:583)
at java.base/jdk.internal.loader.ClassLoaders$AppClassLoader.loadClass(ClassLoaders.java:178)
at java.base/java.lang.ClassLoader.loadClass(ClassLoader.java:521)
... 45 more
... Removed 33 stack frames]]>
    </failure>
  </testcase> <!-- @BeforeMethod initialize -->
  <testcase classname="Ma.MovelistTest" name="@AfterMethod teardown" time="0.0">
    <skipped/>
  </testcase> <!-- @AfterMethod teardown -->
  <testcase classname="Ma.SearchTest" name="@BeforeMethod initialize" time="0.003">
    <failure type="java.lang.NoClassDefFoundError" message="org/openqa/selenium/remote/AbstractDriverOptions">
      <![CDATA[java.lang.NoClassDefFoundError: org/openqa/selenium/remote/AbstractDriverOptions
at org.openqa.selenium.chrome.ChromeDriver.<init>(ChromeDriver.java:131)
at utilities.Base.initializeDriver(Base.java:44)
at Ma.SearchTest.initialize(SearchTest.java:30)
... Removed 33 stack frames]]>
    </failure>
  </testcase> <!-- @BeforeMethod initialize -->
  <testcase classname="Ma.SearchTest" name="@AfterMethod teardown" time="0.0">
    <skipped/>
  </testcase> <!-- @AfterMethod teardown -->
  <testcase classname="Ma.SortingTest" name="@BeforeMethod initialize" time="0.001">
    <failure type="java.lang.NoClassDefFoundError" message="org/openqa/selenium/remote/AbstractDriverOptions">
      <![CDATA[java.lang.NoClassDefFoundError: org/openqa/selenium/remote/AbstractDriverOptions
at org.openqa.selenium.chrome.ChromeDriver.<init>(ChromeDriver.java:131)
at utilities.Base.initializeDriver(Base.java:44)
at Ma.SortingTest.initialize(SortingTest.java:34)
... Removed 33 stack frames]]>
    </failure>
  </testcase> <!-- @BeforeMethod initialize -->
  <testcase classname="Ma.SortingTest" name="@AfterMethod teardown" time="0.0">
    <skipped/>
  </testcase> <!-- @AfterMethod teardown -->
  <testcase classname="Ma.LoginTest" name="@BeforeMethod initialize" time="0.002">
    <failure type="java.lang.NoClassDefFoundError" message="org/openqa/selenium/remote/AbstractDriverOptions">
      <![CDATA[java.lang.NoClassDefFoundError: org/openqa/selenium/remote/AbstractDriverOptions
at org.openqa.selenium.chrome.ChromeDriver.<init>(ChromeDriver.java:131)
at utilities.Base.initializeDriver(Base.java:44)
at Ma.LoginTest.initialize(LoginTest.java:35)
... Removed 33 stack frames]]>
    </failure>
  </testcase> <!-- @BeforeMethod initialize -->
  <testcase classname="Ma.LoginTest" name="@AfterMethod teardown" time="0.0">
    <skipped/>
  </testcase> <!-- @AfterMethod teardown -->
  <testcase classname="Ma.FormTest" name="@BeforeMethod initialize" time="0.003">
    <failure type="java.lang.NoClassDefFoundError" message="org/openqa/selenium/remote/AbstractDriverOptions">
      <![CDATA[java.lang.NoClassDefFoundError: org/openqa/selenium/remote/AbstractDriverOptions
at org.openqa.selenium.chrome.ChromeDriver.<init>(ChromeDriver.java:131)
at utilities.Base.initializeDriver(Base.java:44)
at Ma.FormTest.initialize(FormTest.java:27)
... Removed 33 stack frames]]>
    </failure>
  </testcase> <!-- @BeforeMethod initialize -->
  <testcase classname="Ma.FormTest" name="@AfterMethod teardown" time="0.0">
    <skipped/>
  </testcase> <!-- @AfterMethod teardown -->
  <testcase classname="Ma.MovelistTest" name="Movelist" time="0.0">
    <skipped/>
  </testcase> <!-- Movelist -->
  <testcase classname="Ma.SearchTest" name="Search" time="0.0">
    <skipped/>
  </testcase> <!-- Search -->
  <testcase classname="Ma.AppiumTest" name="NativeAndroid" time="0.001"/>
  <testcase classname="Ma.AppiumTest" name="NativeiOS" time="0.0"/>
  <testcase classname="Ma.SeleniumTest" name="BrowserTest" time="0.003"/>
  <testcase classname="Ma.SeleniumTest" name="SecondBrowserTest" time="0.0"/>
  <testcase classname="Ma.RestAPITest" name="DeleteTwitter" time="0.001"/>
  <testcase classname="Ma.RestAPITest" name="PostJIRA" time="0.0"/>
  <testcase classname="Ma.SortingTest" name="Sorting" time="0.0">
    <skipped/>
  </testcase> <!-- Sorting -->
  <testcase classname="Ma.LoginTest" name="Login" time="0.0">
    <skipped/>
  </testcase> <!-- Login -->
  <testcase classname="Ma.FormTest" name="Login" time="0.0">
    <skipped/>
  </testcase> <!-- Login -->
</testsuite> <!-- Surefire test -->
